<?xml version="1.0" encoding="UTF-8"?>
<testng-results ignored="0" total="1" passed="1" failed="0" skipped="0">
  <reporter-output>
  </reporter-output>
  <suite started-at="2023-03-14T17:18:45 IST" name="Default suite" finished-at="2023-03-14T17:18:48 IST" duration-ms="2595">
    <groups>
    </groups>
    <test started-at="2023-03-14T17:18:45 IST" name="Default test" finished-at="2023-03-14T17:18:48 IST" duration-ms="2595">
      <class name="httpRequests.SchemaValidation">
        <test-method signature="validateJSON()[pri:0, instance:httpRequests.SchemaValidation@732c2a62]" started-at="2023-03-14T17:18:45 IST" name="validateJSON" finished-at="2023-03-14T17:18:48 IST" duration-ms="2558" status="PASS">
          <reporter-output>
          </reporter-output>
        </test-method> <!-- validateJSON -->
      </class> <!-- httpRequests.SchemaValidation -->
    </test> <!-- Default test -->
  </suite> <!-- Default suite -->
</testng-results>
